modules/local-connection/android/build/intermediates/manifest_merge_blame_file/release/processReleaseManifest/manifest-merger-blame-release-report.txt
1<?xml version="1.0" encoding="utf-8"?>
2<manifest xmlns:android="http://schemas.android.com/apk/res/android"
3    package="expo.modules.localconnection" >
4
5    <uses-sdk android:minSdkVersion="24" />
6
7    <!-- REQUIRED: Discovery on older Android versions (and some Android 12+ devices) -->
8    <!-- The "maxSdkVersion" is optional; keeping it ensures broad compatibility. -->
9    <uses-permission android:name="android.permission.ACCESS_FINE_LOCATION" />
9-->src/main/AndroidManifest.xml:5:5-79
9-->src/main/AndroidManifest.xml:5:22-76
10    <uses-permission android:name="android.permission.ACCESS_COARSE_LOCATION" />
10-->src/main/AndroidManifest.xml:6:5-81
10-->src/main/AndroidManifest.xml:6:22-78
11
12    <!-- REQUIRED: Android 12+ (API 31+) Bluetooth Permissions -->
13    <!-- 'neverForLocation' is NOT used here because Nearby Connections often uses BLE for legacy discovery -->
14    <uses-permission android:name="android.permission.BLUETOOTH_SCAN" />
14-->src/main/AndroidManifest.xml:10:5-73
14-->src/main/AndroidManifest.xml:10:22-70
15    <uses-permission android:name="android.permission.BLUETOOTH_ADVERTISE" />
15-->src/main/AndroidManifest.xml:11:5-78
15-->src/main/AndroidManifest.xml:11:22-75
16    <uses-permission android:name="android.permission.BLUETOOTH_CONNECT" />
16-->src/main/AndroidManifest.xml:12:5-76
16-->src/main/AndroidManifest.xml:12:22-73
17
18    <!-- REQUIRED: Android 13+ (API 33+) Wi-Fi Direct Discovery -->
19    <uses-permission android:name="android.permission.NEARBY_WIFI_DEVICES" />
19-->src/main/AndroidManifest.xml:15:5-78
19-->src/main/AndroidManifest.xml:15:22-75
20
21    <!-- REQUIRED: To upgrade bandwidth from Bluetooth to Wi-Fi Direct -->
22    <uses-permission android:name="android.permission.ACCESS_WIFI_STATE" />
22-->src/main/AndroidManifest.xml:18:5-76
22-->src/main/AndroidManifest.xml:18:22-73
23    <uses-permission android:name="android.permission.CHANGE_WIFI_STATE" />
23-->src/main/AndroidManifest.xml:19:5-76
23-->src/main/AndroidManifest.xml:19:22-73
24
25    <!-- Hardware Features -->
26    <uses-feature
26-->src/main/AndroidManifest.xml:22:5-87
27        android:name="android.hardware.bluetooth"
27-->src/main/AndroidManifest.xml:22:19-60
28        android:required="true" />
28-->src/main/AndroidManifest.xml:22:61-84
29    <uses-feature
29-->src/main/AndroidManifest.xml:23:5-82
30        android:name="android.hardware.wifi"
30-->src/main/AndroidManifest.xml:23:19-55
31        android:required="true" />
31-->src/main/AndroidManifest.xml:23:56-79
32
33</manifest>